<?xml version="1.0" encoding="UTF-8"?>
<testsuites name="Mocha Tests" time="0.800" tests="1" failures="1">
  <testsuite name="Root Suite" timestamp="2026-08-28T15:44:31" tests="0" file="cypress\e2e\play\pro\v3\webservice\verify_session_manage_01_spec.cy.js" time="0.000" failures="0">
  </testsuite>
  <testsuite name="POS - Verify That Admin should close session of another user Manager for exp" timestamp="2026-08-28T15:44:31" tests="1" time="0.796" failures="1">
    <testcase name="POS - Verify That Admin should close session of another user Manager for exp should verify the POS delete session successfully" time="0.000" classname="should verify the POS delete session successfully">
      <failure message="expected 401 to equal 200" type="AssertionError"><![CDATA[AssertionError: expected 401 to equal 200
    at Context.eval (webpack:///./cypress/e2e/play/pro/v3/webservice/verify_session_manage_01_spec.cy.js:44:39)
    at getRet (https://chakerqa.playpro.fr/__cypress/runner/cypress_runner.js:121345:20)
    at tryCatcher (https://chakerqa.playpro.fr/__cypress/runner/cypress_runner.js:1780:23)
    at Promise.attempt.Promise.try (https://chakerqa.playpro.fr/__cypress/runner/cypress_runner.js:4288:29)
    at Context.thenFn (https://chakerqa.playpro.fr/__cypress/runner/cypress_runner.js:121356:66)
    at Context.then (https://chakerqa.playpro.fr/__cypress/runner/cypress_runner.js:121607:21)

      + expected - actual

      -401
      +200
      ]]></failure>
    </testcase>
  </testsuite>
</testsuites>