<?xml version="1.0" encoding="UTF-8"?>
<testsuites name="Mocha Tests" time="21.732" tests="6" failures="1">
  <testsuite name="Root Suite" timestamp="2026-08-12T18:39:50" tests="0" file="cypress\e2e\play\pro\v3\booking\activites\booking2_test_spec.cy.js" time="0.000" failures="0">
  </testsuite>
  <testsuite name="Booking Suite 2" timestamp="2026-08-12T18:39:50" tests="6" time="21.729" failures="1">
    <testcase name="Booking Suite 2 &quot;before each&quot; hook for &quot;Navigate to Activity tagged by category &apos;Aventures Immersives&apos; before booking &quot;" time="0.000" classname="&quot;before each&quot; hook for &quot;Navigate to Activity tagged by category &apos;Aventures Immersives&apos; before booking &quot;">
      <failure message="`cy.visit()` failed trying to load:

https://chakerqa.playpro.fr/connexion

We attempted to make an http request to this URL but the request failed without a response.

We received this error at the network level:

  &gt; Error: connect ETIMEDOUT 188.114.96.6:443

Common situations why this would fail:
  - you don&apos;t have internet access
  - you forgot to run / boot your web server
  - your web server isn&apos;t accessible
  - you have weird network configuration settings on your computer

Because this error occurred during a `before each` hook we are skipping the remaining tests in the current suite: `Booking Suite 2`" type="CypressError"><![CDATA[CypressError: `cy.visit()` failed trying to load:

https://chakerqa.playpro.fr/connexion

We attempted to make an http request to this URL but the request failed without a response.

We received this error at the network level:

  > Error: connect ETIMEDOUT 188.114.96.6:443

Common situations why this would fail:
  - you don't have internet access
  - you forgot to run / boot your web server
  - your web server isn't accessible
  - you have weird network configuration settings on your computer

Because this error occurred during a `before each` hook we are skipping the remaining tests in the current suite: `Booking Suite 2`
    at <unknown> (https://chakerqa.playpro.fr/__cypress/runner/cypress_runner.js:133346:74)
    at visitFailedByErr (https://chakerqa.playpro.fr/__cypress/runner/cypress_runner.js:132920:12)
    at <unknown> (https://chakerqa.playpro.fr/__cypress/runner/cypress_runner.js:133345:11)
    at tryCatcher (https://chakerqa.playpro.fr/__cypress/runner/cypress_runner.js:1780:23)
    at Promise._settlePromiseFromHandler (https://chakerqa.playpro.fr/__cypress/runner/cypress_runner.js:1492:31)
    at Promise._settlePromise (https://chakerqa.playpro.fr/__cypress/runner/cypress_runner.js:1549:18)
    at Promise._settlePromise0 (https://chakerqa.playpro.fr/__cypress/runner/cypress_runner.js:1594:10)
    at Promise._settlePromises (https://chakerqa.playpro.fr/__cypress/runner/cypress_runner.js:1670:18)
    at _drainQueueStep (https://chakerqa.playpro.fr/__cypress/runner/cypress_runner.js:2380:12)
    at _drainQueue (https://chakerqa.playpro.fr/__cypress/runner/cypress_runner.js:2373:9)
    at Async._drainQueues (https://chakerqa.playpro.fr/__cypress/runner/cypress_runner.js:2389:5)
    at Async.drainQueues (https://chakerqa.playpro.fr/__cypress/runner/cypress_runner.js:2259:14)
From Your Spec Code:
    at Context.eval (webpack:///./cypress/e2e/play/pro/v3/booking/activites/booking2_test_spec.cy.js:5:11)

From Node.js Internals:
  Error: connect ETIMEDOUT 188.114.96.6:443
      at TCPConnectWrap.afterConnect [as oncomplete] (node:net:1637:16)]]></failure>
    </testcase>
  </testsuite>
</testsuites>