<?xml version="1.0" encoding="UTF-8"?>
<testsuites name="Mocha Tests" time="0.396" tests="1" failures="1">
  <testsuite name="Root Suite" timestamp="2026-08-28T16:39:02" tests="0" file="cypress\e2e\play\pro\v3\webservice\add_to_basket_01_spec.cy.js" time="0.000" failures="0">
  </testsuite>
  <testsuite name="Payment - Add To Basket API" timestamp="2026-08-28T16:39:02" tests="1" time="0.395" failures="1">
    <testcase name="Payment - Add To Basket API should create an order with 2 undated tickets" time="0.000" classname="should create an order with 2 undated tickets">
      <failure message="`Cypress.env()` does not work when `allowCypressEnv` is set to `false`. Please migrate to `cy.env()` or leverage other stateful methods to manage variables. The variable being accessed was: `PAYMENT_AUTH_TOKEN`

https://on.cypress.io/cypress-env-migration" type="CypressError"><![CDATA[CypressError: `Cypress.env()` does not work when `allowCypressEnv` is set to `false`. Please migrate to `cy.env()` or leverage other stateful methods to manage variables. The variable being accessed was: `PAYMENT_AUTH_TOKEN`

https://on.cypress.io/cypress-env-migration
    at cypressErr (https://chakerqa.playpro.fr/__cypress/runner/cypress_runner.js:75939:18)
    at Object.errByPath (https://chakerqa.playpro.fr/__cypress/runner/cypress_runner.js:75999:10)
    at $Cypress.failCypressEnvWithWarning [as env] (https://chakerqa.playpro.fr/__cypress/runner/cypress_runner.js:41711:81)
    at Context.eval (webpack:///./cypress/e2e/play/pro/v3/webservice/add_to_basket_01_spec.cy.js:10:34)
    at runnable.fn (https://chakerqa.playpro.fr/__cypress/runner/cypress_runner.js:146647:19)
    at callFn (https://chakerqa.playpro.fr/__cypress/runner/cypress_runner.js:166027:21)
    at Runnable.run (https://chakerqa.playpro.fr/__cypress/runner/cypress_runner.js:166014:7)
    at <unknown> (https://chakerqa.playpro.fr/__cypress/runner/cypress_runner.js:172116:30)
    at PassThroughHandlerContext.finallyHandler (https://chakerqa.playpro.fr/__cypress/runner/cypress_runner.js:4045:23)
    at PassThroughHandlerContext.tryCatcher (https://chakerqa.playpro.fr/__cypress/runner/cypress_runner.js:1780:23)
    at Promise._settlePromiseFromHandler (https://chakerqa.playpro.fr/__cypress/runner/cypress_runner.js:1492:31)
    at Promise._settlePromise (https://chakerqa.playpro.fr/__cypress/runner/cypress_runner.js:1549:18)
    at Promise._settlePromise0 (https://chakerqa.playpro.fr/__cypress/runner/cypress_runner.js:1594:10)
    at Promise._settlePromises (https://chakerqa.playpro.fr/__cypress/runner/cypress_runner.js:1674:18)
    at Promise._fulfill (https://chakerqa.playpro.fr/__cypress/runner/cypress_runner.js:1618:18)
    at Promise._settlePromise (https://chakerqa.playpro.fr/__cypress/runner/cypress_runner.js:1562:21)
    at Promise._settlePromise0 (https://chakerqa.playpro.fr/__cypress/runner/cypress_runner.js:1594:10)
    at Promise._settlePromises (https://chakerqa.playpro.fr/__cypress/runner/cypress_runner.js:1674:18)
    at Promise._fulfill (https://chakerqa.playpro.fr/__cypress/runner/cypress_runner.js:1618:18)
    at Promise._resolveCallback (https://chakerqa.playpro.fr/__cypress/runner/cypress_runner.js:1412:57)
    at Promise._settlePromiseFromHandler (https://chakerqa.playpro.fr/__cypress/runner/cypress_runner.js:1504:17)]]></failure>
    </testcase>
  </testsuite>
</testsuites>