<?xml version="1.0" encoding="UTF-8"?>
<testsuites name="Mocha Tests" time="15.343" tests="1" failures="1">
  <testsuite name="Root Suite" timestamp="2026-08-13T17:13:12" tests="0" file="cypress\e2e\play\pro\v3\booking\undatedTickets\booking1_test_spec.cy.js" time="0.000" failures="0">
  </testsuite>
  <testsuite name="Undated Tickets Booking Suite 1" timestamp="2026-08-13T17:13:12" tests="1" time="15.341" failures="1">
    <testcase name="Undated Tickets Booking Suite 1 &quot;before each&quot; hook for &quot;Navigate to Undated Tickets tagged by category &apos;Billets non datés&apos; before booking &quot;" time="0.000" classname="&quot;before each&quot; hook for &quot;Navigate to Undated Tickets tagged by category &apos;Billets non datés&apos; before booking &quot;">
      <failure message="Timed out after waiting `15000ms` for your remote page to load.

Your page did not fire its `load` event within `15000ms`.

You can try increasing the `pageLoadTimeout` value in `Users\chaker\Desktop\automation\circleci-test\PlayPro-UI-Tests-Selenium-Java-QA-Project\src\test\java\Cypress\cypress.config.js` to wait longer.

Browsers will not fire the `load` event until all stylesheets and scripts are done downloading.

When this `load` event occurs, Cypress will continue running commands.

Because this error occurred during a `before each` hook we are skipping the remaining tests in the current suite: `Undated Tickets Booking Sui...`" type="CypressError"><![CDATA[CypressError: Timed out after waiting `15000ms` for your remote page to load.

Your page did not fire its `load` event within `15000ms`.

You can try increasing the `pageLoadTimeout` value in `Users\chaker\Desktop\automation\circleci-test\PlayPro-UI-Tests-Selenium-Java-QA-Project\src\test\java\Cypress\cypress.config.js` to wait longer.

Browsers will not fire the `load` event until all stylesheets and scripts are done downloading.

When this `load` event occurs, Cypress will continue running commands.

Because this error occurred during a `before each` hook we are skipping the remaining tests in the current suite: `Undated Tickets Booking Sui...`
    at timedOutWaitingForPageLoad (https://chakerqa.playpro.fr/__cypress/runner/cypress_runner.js:132365:64)
    at <unknown> (https://chakerqa.playpro.fr/__cypress/runner/cypress_runner.js:133363:16)
    at tryCatcher (https://chakerqa.playpro.fr/__cypress/runner/cypress_runner.js:1780:23)
    at <unknown> (https://chakerqa.playpro.fr/__cypress/runner/cypress_runner.js:4159:41)
    at tryCatcher (https://chakerqa.playpro.fr/__cypress/runner/cypress_runner.js:1780:23)
    at Promise._settlePromiseFromHandler (https://chakerqa.playpro.fr/__cypress/runner/cypress_runner.js:1492:31)
    at Promise._settlePromise (https://chakerqa.playpro.fr/__cypress/runner/cypress_runner.js:1549:18)
    at Promise._settlePromise0 (https://chakerqa.playpro.fr/__cypress/runner/cypress_runner.js:1594:10)
    at Promise._settlePromises (https://chakerqa.playpro.fr/__cypress/runner/cypress_runner.js:1670:18)
    at _drainQueueStep (https://chakerqa.playpro.fr/__cypress/runner/cypress_runner.js:2380:12)
    at _drainQueue (https://chakerqa.playpro.fr/__cypress/runner/cypress_runner.js:2373:9)
    at Async._drainQueues (https://chakerqa.playpro.fr/__cypress/runner/cypress_runner.js:2389:5)
    at Async.drainQueues (https://chakerqa.playpro.fr/__cypress/runner/cypress_runner.js:2259:14)
From Your Spec Code:
    at Context.eval (webpack:///./cypress/e2e/play/pro/v3/booking/undatedTickets/booking1_test_spec.cy.js:4:11)]]></failure>
    </testcase>
  </testsuite>
</testsuites>