<?xml version="1.0" encoding="UTF-8"?>
<testsuites name="Mocha Tests" time="8.177" tests="1" failures="1">
  <testsuite name="Root Suite" timestamp="2026-08-13T17:14:25" tests="0" file="cypress\e2e\play\pro\v3\booking\undatedTickets\booking1_test_spec.cy.js" time="0.000" failures="0">
  </testsuite>
  <testsuite name="Undated Tickets Booking Suite 1" timestamp="2026-08-13T17:14:25" tests="1" time="8.175" failures="1">
    <testcase name="Undated Tickets Booking Suite 1 &quot;before each&quot; hook for &quot;Navigate to Undated Tickets tagged by category &apos;Billets non datés&apos; before booking &quot;" time="0.000" classname="&quot;before each&quot; hook for &quot;Navigate to Undated Tickets tagged by category &apos;Billets non datés&apos; before booking &quot;">
      <failure message="Timed out retrying after 4000ms: Expected to find content: &apos;Accepter&apos; within the selector: &apos;button&apos; but never did.

Because this error occurred during a `before each` hook we are skipping the remaining tests in the current suite: `Undated Tickets Booking Sui...`" type="AssertionError"><![CDATA[AssertionError: Timed out retrying after 4000ms: Expected to find content: 'Accepter' within the selector: 'button' but never did.

Because this error occurred during a `before each` hook we are skipping the remaining tests in the current suite: `Undated Tickets Booking Sui...`
    at Context.eval (webpack:///./cypress/e2e/play/pro/v3/booking/undatedTickets/booking1_test_spec.cy.js:6:11)]]></failure>
    </testcase>
  </testsuite>
</testsuites>