<?xml version="1.0" encoding="UTF-8"?>
<testsuites name="Mocha Tests" time="21.534" tests="1" failures="1">
  <testsuite name="Root Suite" timestamp="2026-08-28T16:47:10" tests="0" file="cypress\e2e\play\pro\v3\webservice\add_to_basket_01_spec.cy.js" time="0.000" failures="0">
  </testsuite>
  <testsuite name="Payment - Add To Basket API" timestamp="2026-08-28T16:47:10" tests="1" time="21.533" failures="1">
    <testcase name="Payment - Add To Basket API should create an order with 2 undated tickets" time="0.000" classname="should create an order with 2 undated tickets">
      <failure message="`cy.request()` failed trying to load:

https://chakerqa-bo.playpro.fr/api/v1/payment/add-to-basket

We attempted to make an http request to this URL but the request failed without a response.

We received this error at the network level:

  &gt; Error: connect ETIMEDOUT 188.114.96.6:443

-----------------------------------------------------------

The request we sent was:

Method: POST
URL: https://chakerqa-bo.playpro.fr/api/v1/payment/add-to-basket

-----------------------------------------------------------

Common situations why this would fail:
  - you don&apos;t have internet access
  - you forgot to run / boot your web server
  - your web server isn&apos;t accessible
  - you have weird network configuration settings on your computer

https://on.cypress.io/request" type="CypressError"><![CDATA[CypressError: `cy.request()` failed trying to load:

https://chakerqa-bo.playpro.fr/api/v1/payment/add-to-basket

We attempted to make an http request to this URL but the request failed without a response.

We received this error at the network level:

  > Error: connect ETIMEDOUT 188.114.96.6:443

-----------------------------------------------------------

The request we sent was:

Method: POST
URL: https://chakerqa-bo.playpro.fr/api/v1/payment/add-to-basket

-----------------------------------------------------------

Common situations why this would fail:
  - you don't have internet access
  - you forgot to run / boot your web server
  - your web server isn't accessible
  - you have weird network configuration settings on your computer

https://on.cypress.io/request
    at <unknown> (https://chakerqa.playpro.fr/__cypress/runner/cypress_runner.js:134652:70)
    at tryCatcher (https://chakerqa.playpro.fr/__cypress/runner/cypress_runner.js:1780:23)
    at <unknown> (https://chakerqa.playpro.fr/__cypress/runner/cypress_runner.js:4176:37)
    at tryCatcher (https://chakerqa.playpro.fr/__cypress/runner/cypress_runner.js:1780:23)
    at Promise._settlePromiseFromHandler (https://chakerqa.playpro.fr/__cypress/runner/cypress_runner.js:1492:31)
    at Promise._settlePromise (https://chakerqa.playpro.fr/__cypress/runner/cypress_runner.js:1549:18)
    at Promise._settlePromise0 (https://chakerqa.playpro.fr/__cypress/runner/cypress_runner.js:1594:10)
    at Promise._settlePromises (https://chakerqa.playpro.fr/__cypress/runner/cypress_runner.js:1670:18)
    at _drainQueueStep (https://chakerqa.playpro.fr/__cypress/runner/cypress_runner.js:2380:12)
    at _drainQueue (https://chakerqa.playpro.fr/__cypress/runner/cypress_runner.js:2373:9)
    at Async._drainQueues (https://chakerqa.playpro.fr/__cypress/runner/cypress_runner.js:2389:5)
    at Async.drainQueues (https://chakerqa.playpro.fr/__cypress/runner/cypress_runner.js:2259:14)
From Your Spec Code:
    at Context.eval (webpack:///./cypress/e2e/play/pro/v3/webservice/add_to_basket_01_spec.cy.js:14:11)

From Node.js Internals:
  RequestError: Error: connect ETIMEDOUT 188.114.96.6:443
      at new l (<embedded>:275:86324)
      at ee.callback (<embedded>:275:92325)
      at e.callback.s.callback [as _callback] (<embedded>:275:91771)
      at s._callback.s.callback.s.callback (<embedded>:338:99227)
      at ee.emit (node:events:519:28)
      at ee.onRequestError (<embedded>:338:108169)
      at ClientRequest.emit (node:events:531:35)
      at emitErrorEvent (node:_http_client:105:11)
      at TLSSocket.socketErrorListener (node:_http_client:518:5)
      at TLSSocket.emit (node:events:519:28)
      at emitErrorNT (node:internal/streams/destroy:170:8)
      at emitErrorCloseNT (node:internal/streams/destroy:129:3)
      at process.processTicksAndRejections (node:internal/process/task_queues:90:21)]]></failure>
    </testcase>
  </testsuite>
</testsuites>