<?xml version="1.0" encoding="UTF-8"?>
<testsuites name="Mocha Tests" time="0.689" tests="1" failures="1">
  <testsuite name="Root Suite" timestamp="2026-08-28T16:41:02" tests="0" file="cypress\e2e\play\pro\v3\webservice\add_to_basket_01_spec.cy.js" time="0.000" failures="0">
  </testsuite>
  <testsuite name="Payment - Add To Basket API" timestamp="2026-08-28T16:41:02" tests="1" time="0.687" failures="1">
    <testcase name="Payment - Add To Basket API should create an order with 2 undated tickets" time="0.000" classname="should create an order with 2 undated tickets">
      <failure message="API RESPONSE: {&quot;message&quot;:&quot;Non authentifié. Veuillez fournir un token valide.&quot;,&quot;locale&quot;:&quot;fr&quot;}: expected 401 to equal 200" type="AssertionError"><![CDATA[AssertionError: API RESPONSE: {"message":"Non authentifié. Veuillez fournir un token valide.","locale":"fr"}: expected 401 to equal 200
    at Context.eval (webpack:///./cypress/e2e/play/pro/v3/webservice/add_to_basket_01_spec.cy.js:83:21)
    at getRet (https://chakerqa.playpro.fr/__cypress/runner/cypress_runner.js:121345:20)
    at tryCatcher (https://chakerqa.playpro.fr/__cypress/runner/cypress_runner.js:1780:23)
    at Promise.attempt.Promise.try (https://chakerqa.playpro.fr/__cypress/runner/cypress_runner.js:4288:29)
    at Context.thenFn (https://chakerqa.playpro.fr/__cypress/runner/cypress_runner.js:121356:66)
    at Context.then (https://chakerqa.playpro.fr/__cypress/runner/cypress_runner.js:121607:21)

      + expected - actual

      -401
      +200
      ]]></failure>
    </testcase>
  </testsuite>
</testsuites>